1504793688702	geckodriver	INFO	geckodriver 0.18.0
1504793688770	geckodriver	INFO	Listening on 127.0.0.1:59142
1504793689817	geckodriver::marionette	INFO	Starting browser /Applications/Firefox.app/Contents/MacOS/firefox-bin with args ["-marionette"]
1504793690179	addons.xpi	WARN	Error parsing extensions state: [Exception... "Component returned failure code: 0x80520012 (NS_ERROR_FILE_NOT_FOUND) [amIAddonManagerStartup.readStartupData]"  nsresult: "0x80520012 (NS_ERROR_FILE_NOT_FOUND)"  location: "JS frame :: resource://gre/modules/addons/XPIProvider.jsm :: loadExtensionState :: line 1596"  data: no] Stack trace: loadExtensionState()@resource://gre/modules/addons/XPIProvider.jsm:1596 < getInstallState()@resource://gre/modules/addons/XPIProvider.jsm:1631 < checkForChanges()@resource://gre/modules/addons/XPIProvider.jsm:3152 < startup()@resource://gre/modules/addons/XPIProvider.jsm:2246 < callProvider()@resource://gre/modules/AddonManager.jsm:271 < _startProvider()@resource://gre/modules/AddonManager.jsm:741 < startup()@resource://gre/modules/AddonManager.jsm:908 < startup()@resource://gre/modules/AddonManager.jsm:3122 < observe()@jar:file:///Applications/Firefox.app/Contents/Resources/omni.ja!/components/addonManager.js:65
1504793690684	Marionette	INFO	Enabled via --marionette
1504793693094	Marionette	INFO	Listening on port 59151
JavaScript error: chrome://marionette/content/server.js, line 337: NS_ERROR_SOCKET_ADDRESS_IN_USE: Component returned failure code: 0x804b0036 (NS_ERROR_SOCKET_ADDRESS_IN_USE) [nsIServerSocket.initSpecialConnection]
1504793693182	Marionette	WARN	TLS certificate errors will be ignored for this session
1504793693249	Marionette	DEBUG	loaded listener.js
2017-09-07 21:14:53.294 plugin-container[9695:5508137] *** CFMessagePort: bootstrap_register(): failed 1100 (0x44c) 'Permission denied', port = 0xa23b, name = 'com.apple.tsm.portname'
See /usr/include/servers/bootstrap_defs.h for the error codes.
2017-09-07 21:14:53.298 plugin-container[9695:5508137] *** CFMessagePort: bootstrap_register(): failed 1100 (0x44c) 'Permission denied', port = 0xa503, name = 'com.apple.CFPasteboardClient'
See /usr/include/servers/bootstrap_defs.h for the error codes.
1504793695283	Marionette	DEBUG	Received DOM event "beforeunload" for "about:blank"
1504793696006	Marionette	DEBUG	Received DOM event "pagehide" for "about:blank"
1504793696007	Marionette	DEBUG	Received DOM event "unload" for "about:blank"
1504793697125	Marionette	DEBUG	Received DOM event "DOMContentLoaded" for "https://www.facebook.com/"
1504793697131	Marionette	DEBUG	Received DOM event "DOMContentLoaded" for "https://www.facebook.com/"
1504793697146	Marionette	DEBUG	Received DOM event "pageshow" for "https://www.facebook.com/"
1504793697172	Marionette	DEBUG	Received DOM event "DOMContentLoaded" for "https://www.facebook.com/"
1504793697177	Marionette	DEBUG	Received DOM event "pageshow" for "https://www.facebook.com/"
1504793699503	Marionette	DEBUG	Received DOM event "DOMContentLoaded" for "https://staticxx.facebook.com/common/referer_frame.php"
1504793699518	Marionette	DEBUG	Received DOM event "pageshow" for "https://staticxx.facebook.com/common/referer_frame.php"
1504793699531	Marionette	DEBUG	Received DOM event "DOMContentLoaded" for "https://staticxx.facebook.com/common/referer_frame.php"
1504793699549	Marionette	DEBUG	Received DOM event "pageshow" for "https://staticxx.facebook.com/common/referer_frame.php"
1504793699560	Marionette	DEBUG	Received DOM event "DOMContentLoaded" for "https://staticxx.facebook.com/common/referer_frame.php"
1504793699567	Marionette	DEBUG	Received DOM event "pageshow" for "https://staticxx.facebook.com/common/referer_frame.php"
1504793699654	Marionette	DEBUG	Received DOM event "pageshow" for "https://www.facebook.com/"
1504793702718	Marionette	DEBUG	Received DOM event "beforeunload" for "https://www.facebook.com/"
1504793703960	Marionette	DEBUG	Received DOM event "pagehide" for "https://www.facebook.com/"
1504793703967	Marionette	DEBUG	Received DOM event "unload" for "https://www.facebook.com/"
1504793705335	Marionette	DEBUG	Received observer notification "outer-window-destroyed" for "2147483653"
1504793705339	Marionette	DEBUG	Received observer notification "outer-window-destroyed" for "2147483654"
1504793705341	Marionette	DEBUG	Received observer notification "outer-window-destroyed" for "2147483657"
1504793705598	Marionette	DEBUG	Received DOM event "DOMContentLoaded" for "https://www.facebook.com/"
1504793705605	Marionette	DEBUG	Received DOM event "pageshow" for "https://www.facebook.com/"
1504793705609	Marionette	DEBUG	Received DOM event "DOMContentLoaded" for "https://www.facebook.com/"
1504793705611	Marionette	DEBUG	Received DOM event "pageshow" for "https://www.facebook.com/"
1504793708404	Marionette	DEBUG	Received DOM event "DOMContentLoaded" for "https://www.facebook.com/"
1504793708417	Marionette	DEBUG	Received DOM event "pageshow" for "https://www.facebook.com/"
1504793708517	Marionette	DEBUG	Received DOM event "DOMContentLoaded" for "https://www.facebook.com/"
1504793711407	Marionette	DEBUG	Received DOM event "DOMContentLoaded" for "https://staticxx.facebook.com/common/referer_frame.php"
1504793711418	Marionette	DEBUG	Received DOM event "pageshow" for "https://staticxx.facebook.com/common/referer_frame.php"
1504793711418	Marionette	DEBUG	Received DOM event "DOMContentLoaded" for "https://staticxx.facebook.com/common/referer_frame.php"
1504793711427	Marionette	DEBUG	Received DOM event "pageshow" for "https://staticxx.facebook.com/common/referer_frame.php"
1504793711428	Marionette	DEBUG	Received DOM event "DOMContentLoaded" for "https://staticxx.facebook.com/common/referer_frame.php"
1504793711451	Marionette	DEBUG	Received DOM event "pageshow" for "https://staticxx.facebook.com/common/referer_frame.php"
1504793711542	Marionette	DEBUG	Received DOM event "DOMContentLoaded" for "https://staticxx.facebook.com/common/referer_frame.php"
1504793711563	Marionette	DEBUG	Received DOM event "pageshow" for "https://staticxx.facebook.com/common/referer_frame.php"
1504793711566	Marionette	DEBUG	Received DOM event "DOMContentLoaded" for "https://staticxx.facebook.com/common/referer_frame.php"
1504793711573	Marionette	DEBUG	Received DOM event "pageshow" for "https://staticxx.facebook.com/common/referer_frame.php"
1504793711575	Marionette	DEBUG	Received DOM event "DOMContentLoaded" for "https://staticxx.facebook.com/common/referer_frame.php"
1504793711592	Marionette	DEBUG	Received DOM event "pageshow" for "https://staticxx.facebook.com/common/referer_frame.php"
1504793711923	Marionette	DEBUG	Received DOM event "DOMContentLoaded" for "https://www.facebook.com/sem_campaigns/sem_pixel_test/?google_pixel_category=1&google_pixel_src=https%3A%2F%2Fgoogleads.g.doubleclick.net%2Fpagead%2Fviewthroughconversion%2F995153884%2F%3Fvalue%3D1.00%26currency_code%3DUSD%26label%3DWu-ZCMSIzlwQ3K_D2gM%26guid%3DON%26script%3D0&encoded_one=AQQg4t7aLdi9PN-NaZIBmBnIAVwzBrw7JYpxm1bSp3gBl6qPP6XFNzQvOBlDa8DBaRs-I3Ky8PqrKAb9XrIuY9ly&encoded_two=AQQneu3psINJK6jSUZR2zz5MoGGZoNL1MGNYDYfDVRn13G7Rp76z7RdRSLA6tb9qGg_qUBuDdfNwMOPnfHAQAxvL"
1504793711927	Marionette	DEBUG	Received DOM event "pageshow" for "https://www.facebook.com/sem_campaigns/sem_pixel_test/?google_pixel_category=1&google_pixel_src=https%3A%2F%2Fgoogleads.g.doubleclick.net%2Fpagead%2Fviewthroughconversion%2F995153884%2F%3Fvalue%3D1.00%26currency_code%3DUSD%26label%3DWu-ZCMSIzlwQ3K_D2gM%26guid%3DON%26script%3D0&encoded_one=AQQg4t7aLdi9PN-NaZIBmBnIAVwzBrw7JYpxm1bSp3gBl6qPP6XFNzQvOBlDa8DBaRs-I3Ky8PqrKAb9XrIuY9ly&encoded_two=AQQneu3psINJK6jSUZR2zz5MoGGZoNL1MGNYDYfDVRn13G7Rp76z7RdRSLA6tb9qGg_qUBuDdfNwMOPnfHAQAxvL"
1504793711938	Marionette	DEBUG	Received observer notification "outer-window-destroyed" for "2147483680"
1504793712228	Marionette	DEBUG	Received DOM event "pageshow" for "https://www.google.com.vn/ads/user-lists/995153884/?value=1.00&currency_code=USD&label=Wu-ZCMSIzlwQ3K_D2gM&guid=ON&script=0&cdct=2&is_vtc=1&random=1262252344&fpvtc=/995153884/%3Fvalue%3D1.00%26currency_code%3DUSD%26label%3DWu-ZCMSIzlwQ3K_D2gM%26guid%3DON%26script%3D0%26random%3D1809625208%26cdct%3D2%26is_vtc%3D1&ipr=y&ulfeg=n"
1504793712230	Marionette	DEBUG	Received observer notification "outer-window-destroyed" for "2147483678"
1504793715168	Marionette	DEBUG	Received observer notification "outer-window-destroyed" for "2147483682"
1504793719966	Marionette	DEBUG	Received DOM event "DOMContentLoaded" for "https://ct-m-fbx.fbsbx.com/fp/tags?org_id=j8ck72di&session_id=ARDQgH_FMWAoMCwc&pageid=1"
1504793720519	Marionette	DEBUG	Received DOM event "pageshow" for "https://ct-m-fbx.fbsbx.com/fp/tags?org_id=j8ck72di&session_id=ARDQgH_FMWAoMCwc&pageid=1"
1504793720842	Marionette	DEBUG	Received DOM event "pageshow" for "https://www.facebook.com/"
1504793721396	Marionette	DEBUG	Received DOM event "beforeunload" for "https://www.facebook.com/"
1504793721697	Marionette	DEBUG	Received DOM event "pagehide" for "https://www.facebook.com/"
1504793721731	Marionette	DEBUG	Received DOM event "unload" for "https://www.facebook.com/"
1504793723511	Marionette	DEBUG	Received observer notification "outer-window-destroyed" for "2147483687"
1504793723513	Marionette	DEBUG	Received observer notification "outer-window-destroyed" for "2147483673"
1504793723514	Marionette	DEBUG	Received observer notification "outer-window-destroyed" for "2147483669"
1504793723517	Marionette	DEBUG	Received observer notification "outer-window-destroyed" for "2147483670"
1504793733732	Marionette	DEBUG	Received DOM event "DOMContentLoaded" for "https://www.facebook.com/groups/pythonvn/"
1504793738214	Marionette	DEBUG	Received DOM event "pageshow" for "https://www.facebook.com/groups/pythonvn/"
1504795130459	geckodriver	INFO	geckodriver 0.18.0
1504795130554	geckodriver	INFO	Listening on 127.0.0.1:59684
1504795131601	geckodriver::marionette	INFO	Starting browser /Applications/Firefox.app/Contents/MacOS/firefox-bin with args ["-marionette"]
1504795132137	addons.xpi	WARN	Error parsing extensions state: [Exception... "Component returned failure code: 0x80520012 (NS_ERROR_FILE_NOT_FOUND) [amIAddonManagerStartup.readStartupData]"  nsresult: "0x80520012 (NS_ERROR_FILE_NOT_FOUND)"  location: "JS frame :: resource://gre/modules/addons/XPIProvider.jsm :: loadExtensionState :: line 1596"  data: no] Stack trace: loadExtensionState()@resource://gre/modules/addons/XPIProvider.jsm:1596 < getInstallState()@resource://gre/modules/addons/XPIProvider.jsm:1631 < checkForChanges()@resource://gre/modules/addons/XPIProvider.jsm:3152 < startup()@resource://gre/modules/addons/XPIProvider.jsm:2246 < callProvider()@resource://gre/modules/AddonManager.jsm:271 < _startProvider()@resource://gre/modules/AddonManager.jsm:741 < startup()@resource://gre/modules/AddonManager.jsm:908 < startup()@resource://gre/modules/AddonManager.jsm:3122 < observe()@jar:file:///Applications/Firefox.app/Contents/Resources/omni.ja!/components/addonManager.js:65
1504795132649	Marionette	INFO	Enabled via --marionette
2017-09-07 21:38:54.825 plugin-container[9736:5549623] *** CFMessagePort: bootstrap_register(): failed 1100 (0x44c) 'Permission denied', port = 0xa33b, name = 'com.apple.tsm.portname'
See /usr/include/servers/bootstrap_defs.h for the error codes.
2017-09-07 21:38:54.830 plugin-container[9736:5549623] *** CFMessagePort: bootstrap_register(): failed 1100 (0x44c) 'Permission denied', port = 0xa703, name = 'com.apple.CFPasteboardClient'
See /usr/include/servers/bootstrap_defs.h for the error codes.
1504795135167	Marionette	INFO	Listening on port 59694
JavaScript error: chrome://marionette/content/server.js, line 337: NS_ERROR_SOCKET_ADDRESS_IN_USE: Component returned failure code: 0x804b0036 (NS_ERROR_SOCKET_ADDRESS_IN_USE) [nsIServerSocket.initSpecialConnection]
1504795135205	Marionette	WARN	TLS certificate errors will be ignored for this session
1504795135260	Marionette	DEBUG	loaded listener.js
1504795135395	Marionette	DEBUG	Received DOM event "beforeunload" for "about:blank"
1504795135975	Marionette	DEBUG	Received DOM event "pagehide" for "about:blank"
1504795135976	Marionette	DEBUG	Received DOM event "unload" for "about:blank"
1504795136686	Marionette	DEBUG	Received DOM event "DOMContentLoaded" for "https://www.facebook.com/"
1504795136695	Marionette	DEBUG	Received DOM event "DOMContentLoaded" for "https://www.facebook.com/"
1504795136702	Marionette	DEBUG	Received DOM event "pageshow" for "https://www.facebook.com/"
1504795136890	Marionette	DEBUG	Received DOM event "DOMContentLoaded" for "https://www.facebook.com/"
1504795136893	Marionette	DEBUG	Received DOM event "pageshow" for "https://www.facebook.com/"
1504795138549	Marionette	DEBUG	Received DOM event "DOMContentLoaded" for "https://staticxx.facebook.com/common/referer_frame.php"
1504795138562	Marionette	DEBUG	Received DOM event "pageshow" for "https://staticxx.facebook.com/common/referer_frame.php"
1504795138576	Marionette	DEBUG	Received DOM event "DOMContentLoaded" for "https://staticxx.facebook.com/common/referer_frame.php"
1504795138593	Marionette	DEBUG	Received DOM event "pageshow" for "https://staticxx.facebook.com/common/referer_frame.php"
1504795138594	Marionette	DEBUG	Received DOM event "DOMContentLoaded" for "https://staticxx.facebook.com/common/referer_frame.php"
1504795138604	Marionette	DEBUG	Received DOM event "pageshow" for "https://staticxx.facebook.com/common/referer_frame.php"
1504795138684	Marionette	DEBUG	Received DOM event "pageshow" for "https://www.facebook.com/"
1504795140050	Marionette	DEBUG	Received DOM event "beforeunload" for "https://www.facebook.com/"
1504795140896	Marionette	DEBUG	Received DOM event "pagehide" for "https://www.facebook.com/"
1504795140903	Marionette	DEBUG	Received DOM event "unload" for "https://www.facebook.com/"
1504795142014	Marionette	DEBUG	Received observer notification "outer-window-destroyed" for "2147483661"
1504795142016	Marionette	DEBUG	Received observer notification "outer-window-destroyed" for "2147483653"
1504795142018	Marionette	DEBUG	Received observer notification "outer-window-destroyed" for "2147483654"
1504795142019	Marionette	DEBUG	Received observer notification "outer-window-destroyed" for "2147483657"
1504795142295	Marionette	DEBUG	Received DOM event "DOMContentLoaded" for "https://www.facebook.com/"
1504795142349	Marionette	DEBUG	Received DOM event "pageshow" for "https://www.facebook.com/"
1504795142353	Marionette	DEBUG	Received DOM event "DOMContentLoaded" for "https://www.facebook.com/"
1504795142355	Marionette	DEBUG	Received DOM event "pageshow" for "https://www.facebook.com/"
1504795145144	Marionette	DEBUG	Received DOM event "DOMContentLoaded" for "https://www.facebook.com/"
1504795145228	Marionette	DEBUG	Received DOM event "pageshow" for "https://www.facebook.com/"
1504795145724	Marionette	DEBUG	Received DOM event "DOMContentLoaded" for "https://www.facebook.com/"
1504795146864	Marionette	DEBUG	Received DOM event "DOMContentLoaded" for "https://staticxx.facebook.com/common/referer_frame.php"
1504795146903	Marionette	DEBUG	Received DOM event "pageshow" for "https://staticxx.facebook.com/common/referer_frame.php"
1504795146928	Marionette	DEBUG	Received DOM event "DOMContentLoaded" for "https://staticxx.facebook.com/common/referer_frame.php"
1504795146938	Marionette	DEBUG	Received DOM event "pageshow" for "https://staticxx.facebook.com/common/referer_frame.php"
1504795146940	Marionette	DEBUG	Received DOM event "DOMContentLoaded" for "https://staticxx.facebook.com/common/referer_frame.php"
1504795146957	Marionette	DEBUG	Received DOM event "pageshow" for "https://staticxx.facebook.com/common/referer_frame.php"
1504795147040	Marionette	DEBUG	Received DOM event "DOMContentLoaded" for "https://staticxx.facebook.com/common/referer_frame.php"
1504795147048	Marionette	DEBUG	Received DOM event "pageshow" for "https://staticxx.facebook.com/common/referer_frame.php"
1504795147053	Marionette	DEBUG	Received DOM event "DOMContentLoaded" for "https://staticxx.facebook.com/common/referer_frame.php"
1504795147061	Marionette	DEBUG	Received DOM event "pageshow" for "https://staticxx.facebook.com/common/referer_frame.php"
1504795147082	Marionette	DEBUG	Received DOM event "DOMContentLoaded" for "https://staticxx.facebook.com/common/referer_frame.php"
1504795147090	Marionette	DEBUG	Received DOM event "pageshow" for "https://staticxx.facebook.com/common/referer_frame.php"
1504795147414	Marionette	DEBUG	Received DOM event "DOMContentLoaded" for "https://www.facebook.com/sem_campaigns/sem_pixel_test/?google_pixel_category=1&google_pixel_src=https%3A%2F%2Fgoogleads.g.doubleclick.net%2Fpagead%2Fviewthroughconversion%2F995153884%2F%3Fvalue%3D1.00%26currency_code%3DUSD%26label%3DWu-ZCMSIzlwQ3K_D2gM%26guid%3DON%26script%3D0&encoded_one=AQS-7ah2cEQP1-6uul-_yT1T2YKhvvbNcqTaIDNHuZlOuOcVatUJKMGbXpfKNq9YvpgwUcF61RuIfPr593EiTpKF&encoded_two=AQTFkBUHpdflCJ0rM0HnFRvt3d-oBT62fHM8TRp091Ov1U_5HNFIHIU-i6eno05j1d5WcDlbZg8teWUEl_P026EW"
1504795147430	Marionette	DEBUG	Received DOM event "pageshow" for "https://www.facebook.com/sem_campaigns/sem_pixel_test/?google_pixel_category=1&google_pixel_src=https%3A%2F%2Fgoogleads.g.doubleclick.net%2Fpagead%2Fviewthroughconversion%2F995153884%2F%3Fvalue%3D1.00%26currency_code%3DUSD%26label%3DWu-ZCMSIzlwQ3K_D2gM%26guid%3DON%26script%3D0&encoded_one=AQS-7ah2cEQP1-6uul-_yT1T2YKhvvbNcqTaIDNHuZlOuOcVatUJKMGbXpfKNq9YvpgwUcF61RuIfPr593EiTpKF&encoded_two=AQTFkBUHpdflCJ0rM0HnFRvt3d-oBT62fHM8TRp091Ov1U_5HNFIHIU-i6eno05j1d5WcDlbZg8teWUEl_P026EW"
1504795147465	Marionette	DEBUG	Received observer notification "outer-window-destroyed" for "2147483678"
1504795150268	Marionette	DEBUG	Received DOM event "DOMContentLoaded" for "https://tm-sbx.fbsbx.com/landing/?org_id=j8ck72di&session_id=ARD25IEanOmhjBvZ"
1504795150298	Marionette	DEBUG	Received observer notification "outer-window-destroyed" for "2147483680"
1504795151085	Marionette	DEBUG	Received DOM event "pageshow" for "https://www.google.com.vn/ads/user-lists/995153884/?value=1.00&currency_code=USD&label=Wu-ZCMSIzlwQ3K_D2gM&guid=ON&script=0&cdct=2&is_vtc=1&random=1437765302&fpvtc=/995153884/%3Fvalue%3D1.00%26currency_code%3DUSD%26label%3DWu-ZCMSIzlwQ3K_D2gM%26guid%3DON%26script%3D0%26random%3D1124013113%26cdct%3D2%26is_vtc%3D1&ipr=y&ulfeg=n"
1504795151130	Marionette	DEBUG	Received observer notification "outer-window-destroyed" for "2147483676"
1504795154362	Marionette	DEBUG	Received DOM event "DOMContentLoaded" for "https://tm-sbx.fbsbx.com/landing/?org_id=j8ck72di&session_id=ARD25IEanOmhjBvZ"
1504795154384	Marionette	DEBUG	Received DOM event "pageshow" for "https://tm-sbx.fbsbx.com/landing/?org_id=j8ck72di&session_id=ARD25IEanOmhjBvZ"
1504795154407	Marionette	DEBUG	Received DOM event "pageshow" for "https://tm-sbx.fbsbx.com/landing/?org_id=j8ck72di&session_id=ARD25IEanOmhjBvZ"
1504795154634	Marionette	DEBUG	Received DOM event "pageshow" for "https://www.facebook.com/"
1504795159752	Marionette	DEBUG	Received DOM event "beforeunload" for "https://www.facebook.com/"
1504795160021	Marionette	DEBUG	Received DOM event "pagehide" for "https://www.facebook.com/"
1504795160073	Marionette	DEBUG	Received DOM event "unload" for "https://www.facebook.com/"
1504795161961	Marionette	DEBUG	Received observer notification "outer-window-destroyed" for "2147483687"
1504795161963	Marionette	DEBUG	Received observer notification "outer-window-destroyed" for "2147483685"
1504795161964	Marionette	DEBUG	Received observer notification "outer-window-destroyed" for "2147483671"
1504795161966	Marionette	DEBUG	Received observer notification "outer-window-destroyed" for "2147483667"
1504795161966	Marionette	DEBUG	Received observer notification "outer-window-destroyed" for "2147483668"
1504795170791	Marionette	DEBUG	Received DOM event "DOMContentLoaded" for "https://www.facebook.com/groups/pythonvn"
1504795173538	Marionette	DEBUG	Received DOM event "pageshow" for "https://www.facebook.com/groups/pythonvn"
